<?xml version="1.0" encoding="UTF-8"?>
<!-- Generated by org.testng.reporters.JUnitXMLReporter -->
<testsuite ignored="0" hostname="QT-INBG-LT0749" failures="1" tests="3" name="Test" time="10.803" errors="0" timestamp="2022-09-16T18:36:41 IST">
  <testcase classname="MyPackage.Sign_InPage" name="sign" time="6.024"/>
  <testcase classname="MyPackage.SignUP_Page" name="sign" time="4.727"/>
  <testcase classname="MyPackage.Order_Page" name="sign" time="0.001">
    <failure type="java.lang.Error" message="Unresolved compilation problem: 
	The method orderapplication(String, String, String, String, String, String, String, String, String, String, String) in the type LandingPage is not applicable for the arguments (String, String, String, String, String, String, String, String, String, String, String, String, String)
">
      <![CDATA[java.lang.Error: Unresolved compilation problem: 
The method orderapplication(String, String, String, String, String, String, String, String, String, String, String) in the type LandingPage is not applicable for the arguments (String, String, String, String, String, String, String, String, String, String, String, String, String)

at MyPackage.Order_Page.sign(Order_Page.java:16)
at java.base/java.util.ArrayList.forEach(ArrayList.java:1511)
... Removed 27 stack frames]]>
    </failure>
  </testcase> <!-- sign -->
</testsuite> <!-- Test -->
