<?xml version="1.0" encoding="UTF-8"?>
<testng-results ignored="0" total="1" passed="1" failed="0" skipped="0">
  <reporter-output>
  </reporter-output>
  <suite started-at="2022-09-16T18:42:48 IST" name="Default suite" finished-at="2022-09-16T18:43:11 IST" duration-ms="22057">
    <groups>
    </groups>
    <test started-at="2022-09-16T18:42:48 IST" name="Default test" finished-at="2022-09-16T18:43:11 IST" duration-ms="22057">
      <class name="MyPackage.Order_Page">
        <test-method signature="sign()[pri:0, instance:MyPackage.Order_Page@49c7b90e]" started-at="2022-09-16T18:42:49 IST" name="sign" finished-at="2022-09-16T18:43:11 IST" duration-ms="22019" status="PASS">
          <reporter-output>
          </reporter-output>
        </test-method> <!-- sign -->
      </class> <!-- MyPackage.Order_Page -->
    </test> <!-- Default test -->
  </suite> <!-- Default suite -->
</testng-results>
